<?xml version="1.0" encoding="UTF-8"?>
<!-- Generated by org.testng.reporters.JUnitReportReporter -->
<testsuite hostname="MHK" failures="0" tests="2" name="com.target.pages.Homepage_Test" time="0.310" errors="0" timestamp="2025-07-08T23:40:59 EDT" skipped="0">
  <testcase classname="com.target.pages.Homepage_Test" name="verifyHomepage" time="0.269"/>
  <system-out/>
  <testcase classname="com.target.pages.Homepage_Test" name="verifyHomepage" time="0.041"/>
  <system-out/>
</testsuite> <!-- com.target.pages.Homepage_Test -->
